
-------------Matching data for :C:/Harinder/Profession_SW/Java/DigitalReasoning/NLP_test/temp/nlp_data/d02.txt
Broyden–Fletcher–Goldfarb–Shanno
Newton
BFGS

-------------Matching data for :C:/Harinder/Profession_SW/Java/DigitalReasoning/NLP_test/temp/nlp_data/d07.txt
Sun Microsystems
Sun
Sun
Oracle Corporation

-------------Matching data for :C:/Harinder/Profession_SW/Java/DigitalReasoning/NLP_test/temp/nlp_data/d06.txt

-------------Matching data for :C:/Harinder/Profession_SW/Java/DigitalReasoning/NLP_test/temp/nlp_data/d05.txt
Japan
North America

-------------Matching data for :C:/Harinder/Profession_SW/Java/DigitalReasoning/NLP_test/temp/nlp_data/d09.txt
Moon
Sea of Tranquility
Earth
Pacific Ocean

-------------Matching data for :C:/Harinder/Profession_SW/Java/DigitalReasoning/NLP_test/temp/nlp_data/d10.txt
James Clerk Maxwell
Newton
Isaac Newton
Newton
Isaac Newton
Albert Einstein

-------------Matching data for :C:/Harinder/Profession_SW/Java/DigitalReasoning/NLP_test/temp/nlp_data/d08.txt
Apollo 11
Neil Armstrong
Buzz Aldrin
Michael Collins
Moon
Earth

-------------Matching data for :C:/Harinder/Profession_SW/Java/DigitalReasoning/NLP_test/temp/nlp_data/d01.txt
Euclid
Elements
Venice
Carl Benjamin Boyer
Bible

-------------Matching data for :C:/Harinder/Profession_SW/Java/DigitalReasoning/NLP_test/temp/nlp_data/d03.txt
Montgomery Castle
Powys
Wales
England
Roger de Montgomery
Robert of Belleme
King Henry III
Llywelyn ap Gruffudd
Prince of Wales
Shrewsbury

-------------Matching data for :C:/Harinder/Profession_SW/Java/DigitalReasoning/NLP_test/temp/nlp_data/d04.txt
Antikythera
Olympic Games
Antikythera
