C:/Harinder/Profession_SW/Java/DigitalReasoning/NLP_test/temp/nlp_data/d02.txt file Vector #1:Broyden–Fletcher–Goldfarb–Shanno  MATCHES WITH   NER.txt File Line #14:Broyden–Fletcher–Goldfarb–Shanno
C:/Harinder/Profession_SW/Java/DigitalReasoning/NLP_test/temp/nlp_data/d02.txt file Vector #15:BFGS  MATCHES WITH   NER.txt File Line #16:BFGS
C:/Harinder/Profession_SW/Java/DigitalReasoning/NLP_test/temp/nlp_data/d02.txt file Vector #56:BFGS  MATCHES WITH   NER.txt File Line #16:BFGS
C:/Harinder/Profession_SW/Java/DigitalReasoning/NLP_test/temp/nlp_data/d02.txt file Vector #87:BFGS  MATCHES WITH   NER.txt File Line #16:BFGS
C:/Harinder/Profession_SW/Java/DigitalReasoning/NLP_test/temp/nlp_data/d07.txt file Vector #0:Sun  MATCHES WITH   NER.txt File Line #32:Sun
C:/Harinder/Profession_SW/Java/DigitalReasoning/NLP_test/temp/nlp_data/d07.txt file Vector #30:Sun  MATCHES WITH   NER.txt File Line #32:Sun
C:/Harinder/Profession_SW/Java/DigitalReasoning/NLP_test/temp/nlp_data/d07.txt file Vector #48:Sun  MATCHES WITH   NER.txt File Line #32:Sun
C:/Harinder/Profession_SW/Java/DigitalReasoning/NLP_test/temp/nlp_data/d07.txt file Vector #59:Sun  MATCHES WITH   NER.txt File Line #32:Sun
C:/Harinder/Profession_SW/Java/DigitalReasoning/NLP_test/temp/nlp_data/d07.txt file Vector #72:Sun  MATCHES WITH   NER.txt File Line #32:Sun
C:/Harinder/Profession_SW/Java/DigitalReasoning/NLP_test/temp/nlp_data/d05.txt file Vector #54:Japan  MATCHES WITH   NER.txt File Line #29:Japan
C:/Harinder/Profession_SW/Java/DigitalReasoning/NLP_test/temp/nlp_data/d10.txt file Vector #154:Newton  MATCHES WITH   NER.txt File Line #15:Newton
C:/Harinder/Profession_SW/Java/DigitalReasoning/NLP_test/temp/nlp_data/d09.txt file Vector #54:Moon  MATCHES WITH   NER.txt File Line #38:Moon
C:/Harinder/Profession_SW/Java/DigitalReasoning/NLP_test/temp/nlp_data/d09.txt file Vector #128:Earth  MATCHES WITH   NER.txt File Line #40:Earth
C:/Harinder/Profession_SW/Java/DigitalReasoning/NLP_test/temp/nlp_data/d01.txt file Vector #1:Elements  MATCHES WITH   NER.txt File Line #10:Elements
C:/Harinder/Profession_SW/Java/DigitalReasoning/NLP_test/temp/nlp_data/d01.txt file Vector #20:Venice  MATCHES WITH   NER.txt File Line #11:Venice
C:/Harinder/Profession_SW/Java/DigitalReasoning/NLP_test/temp/nlp_data/d01.txt file Vector #55:Bible  MATCHES WITH   NER.txt File Line #13:Bible
C:/Harinder/Profession_SW/Java/DigitalReasoning/NLP_test/temp/nlp_data/d01.txt file Vector #79:Elements  MATCHES WITH   NER.txt File Line #10:Elements
C:/Harinder/Profession_SW/Java/DigitalReasoning/NLP_test/temp/nlp_data/d03.txt file Vector #27:Wales  MATCHES WITH   NER.txt File Line #19:Wales
C:/Harinder/Profession_SW/Java/DigitalReasoning/NLP_test/temp/nlp_data/d03.txt file Vector #44:Shrewsbury  MATCHES WITH   NER.txt File Line #26:Shrewsbury
C:/Harinder/Profession_SW/Java/DigitalReasoning/NLP_test/temp/nlp_data/d03.txt file Vector #99:War  MATCHES WITH   NER.txt File Line #45:WAR
C:/Harinder/Profession_SW/Java/DigitalReasoning/NLP_test/temp/nlp_data/d04.txt file Vector #1:Antikythera  MATCHES WITH   NER.txt File Line #27:Antikythera
C:/Harinder/Profession_SW/Java/DigitalReasoning/NLP_test/temp/nlp_data/d04.txt file Vector #90:Antikythera  MATCHES WITH   NER.txt File Line #27:Antikythera
